<?xml version="1.0" encoding="UTF-8" ?>
<testsuite tests="10" failures="0" name="test.DataBaseObjectMySQLTest" time="0.913" errors="0" skipped="0">
  <properties>
[...]
</properties>
  <testcase classname="test.DataBaseObjectMySQLTest" name="TestGetStatement_ReturnStatement" time="0.847"/>
  <testcase classname="test.DataBaseObjectMySQLTest" name="TestSetHost" time="0"/>
  <testcase classname="test.DataBaseObjectMySQLTest" name="TestSetPort" time="0"/>
  <testcase classname="test.DataBaseObjectMySQLTest" name="TestSetUsr" time="0"/>
  <testcase classname="test.DataBaseObjectMySQLTest" name="TestGetCon_ReturnNull" time="0.028"/>
  <testcase classname="test.DataBaseObjectMySQLTest" name="TestGetCon_ReturnValidConnection" time="0.007"/>
  <testcase classname="test.DataBaseObjectMySQLTest" name="TestSetPW" time="0.001"/>
  <testcase classname="test.DataBaseObjectMySQLTest" name="TestSetDBKind" time="0"/>
  <testcase classname="test.DataBaseObjectMySQLTest" name="TestConnection" time="0.03"/>
  <testcase classname="test.DataBaseObjectMySQLTest" name="TestSetDataBase" time="0"/>
</testsuite>